<?xml version="1.0" encoding="UTF-8"?>
<!-- Generated by org.testng.reporters.JUnitXMLReporter -->
<testsuite ignored="5" hostname="Srikanth" failures="0" tests="1" name="Login Page Tests" time="9.899" errors="0" timestamp="2025-11-20T12:24:57 IST">
  <testcase classname="com.automation.tests.LoginPageTest" name="testLoginPageIsOpened" time="2.033"/>
  <testcase classname="com.automation.tests.LoginPageTest" name="testCurrentURLIsCorrect" time="0.0">
    <ignored/>
  </testcase> <!-- testCurrentURLIsCorrect -->
  <testcase classname="com.automation.tests.LoginPageTest" name="testLoginButtonIsPresent" time="0.0">
    <ignored/>
  </testcase> <!-- testLoginButtonIsPresent -->
  <testcase classname="com.automation.tests.LoginPageTest" name="testAllLoginElementsArePresent" time="0.0">
    <ignored/>
  </testcase> <!-- testAllLoginElementsArePresent -->
  <testcase classname="com.automation.tests.LoginPageTest" name="testPageTitleContainsJira" time="0.0">
    <ignored/>
  </testcase> <!-- testPageTitleContainsJira -->
  <testcase classname="com.automation.tests.LoginPageTest" name="testLoginFormIsVisible" time="0.0">
    <ignored/>
  </testcase> <!-- testLoginFormIsVisible -->
</testsuite> <!-- Login Page Tests -->
