<?xml version="1.0" encoding="UTF-8"?>
<testng-results ignored="5" total="6" passed="1" failed="0" skipped="0">
  <reporter-output>
  </reporter-output>
  <suite started-at="2025-11-20T11:42:50 IST" name="JIRA Login Tests" finished-at="2025-11-20T11:42:59 IST" duration-ms="8839">
    <groups>
    </groups>
    <test started-at="2025-11-20T11:42:50 IST" name="Login Page Tests" finished-at="2025-11-20T11:42:59 IST" duration-ms="8839">
      <class name="com.automation.tests.LoginPageTest">
        <test-method is-config="true" signature="setUp()[pri:0, instance:com.automation.tests.LoginPageTest@309e345f]" started-at="2025-11-20T11:42:50 IST" name="setUp" description="Initialize driver and navigate to JIRA login page" finished-at="2025-11-20T11:42:56 IST" duration-ms="6258" status="PASS">
          <reporter-output>
          </reporter-output>
        </test-method> <!-- setUp -->
        <test-method signature="testLoginPageIsOpened()[pri:0, instance:com.automation.tests.LoginPageTest@309e345f]" started-at="2025-11-20T11:42:56 IST" name="testLoginPageIsOpened" description="Test - Verify Login Page is Opened Successfully" finished-at="2025-11-20T11:42:59 IST" duration-ms="2172" status="PASS">
          <reporter-output>
          </reporter-output>
        </test-method> <!-- testLoginPageIsOpened -->
        <test-method is-config="true" signature="tearDown()[pri:0, instance:com.automation.tests.LoginPageTest@309e345f]" started-at="2025-11-20T11:42:59 IST" name="tearDown" description="Close browser and cleanup resources" finished-at="2025-11-20T11:42:59 IST" duration-ms="362" status="PASS">
          <reporter-output>
          </reporter-output>
        </test-method> <!-- tearDown -->
      </class> <!-- com.automation.tests.LoginPageTest -->
    </test> <!-- Login Page Tests -->
  </suite> <!-- JIRA Login Tests -->
</testng-results>
